<?xml version="1.0" encoding="UTF-8"?>
<testsuite xmlns:xsi="http://www.w3.org/2001/XMLSchema-instance" xsi:noNamespaceSchemaLocation="https://maven.apache.org/surefire/maven-surefire-plugin/xsd/surefire-test-report-3.0.xsd" version="3.0" name="org.acme.GreetingResourceTest" time="8.02" tests="1" errors="0" skipped="0" failures="0">
  <properties>
    <property name="gopherProxySet" value="false"/>
    <property name="awt.toolkit" value="sun.lwawt.macosx.LWCToolkit"/>
    <property name="java.specification.version" value="11"/>
    <property name="sun.cpu.isalist" value=""/>
    <property name="test.url" value="http://localhost:8081"/>
    <property name="sun.jnu.encoding" value="UTF-8"/>
    <property name="java.class.path" value="/Users/lilim/kogito/kogito-drl-loan/target/test-classes:/Users/lilim/kogito/kogito-drl-loan/target/classes:/Users/lilim/.m2/repository/org/kie/kogito/kogito-quarkus-rules/1.11.1.Final/kogito-quarkus-rules-1.11.1.Final.jar:/Users/lilim/.m2/repository/org/kie/kogito/kogito-quarkus-common/1.11.1.Final/kogito-quarkus-common-1.11.1.Final.jar:/Users/lilim/.m2/repository/org/mvel/mvel2/2.4.12.Final/mvel2-2.4.12.Final.jar:/Users/lilim/.m2/repository/com/jayway/jsonpath/json-path/2.6.0/json-path-2.6.0.jar:/Users/lilim/.m2/repository/net/minidev/json-smart/2.4.7/json-smart-2.4.7.jar:/Users/lilim/.m2/repository/net/minidev/accessors-smart/2.4.7/accessors-smart-2.4.7.jar:/Users/lilim/.m2/repository/io/quarkus/quarkus-resteasy-jackson/2.2.3.Final/quarkus-resteasy-jackson-2.2.3.Final.jar:/Users/lilim/.m2/repository/io/quarkus/quarkus-jackson/2.2.3.Final/quarkus-jackson-2.2.3.Final.jar:/Users/lilim/.m2/repository/com/fasterxml/jackson/core/jackson-databind/2.12.4/jackson-databind-2.12.4.jar:/Users/lilim/.m2/repository/com/fasterxml/jackson/datatype/jackson-datatype-jsr310/2.12.4/jackson-datatype-jsr310-2.12.4.jar:/Users/lilim/.m2/repository/com/fasterxml/jackson/datatype/jackson-datatype-jdk8/2.12.4/jackson-datatype-jdk8-2.12.4.jar:/Users/lilim/.m2/repository/com/fasterxml/jackson/module/jackson-module-parameter-names/2.12.4/jackson-module-parameter-names-2.12.4.jar:/Users/lilim/.m2/repository/org/jboss/resteasy/resteasy-jackson2-provider/4.7.0.Final/resteasy-jackson2-provider-4.7.0.Final.jar:/Users/lilim/.m2/repository/com/fasterxml/jackson/core/jackson-core/2.12.4/jackson-core-2.12.4.jar:/Users/lilim/.m2/repository/com/fasterxml/jackson/jaxrs/jackson-jaxrs-json-provider/2.12.4/jackson-jaxrs-json-provider-2.12.4.jar:/Users/lilim/.m2/repository/com/fasterxml/jackson/jaxrs/jackson-jaxrs-base/2.12.4/jackson-jaxrs-base-2.12.4.jar:/Users/lilim/.m2/repository/com/fasterxml/jackson/module/jackson-module-jaxb-annotations/2.12.4/jackson-module-jaxb-annotations-2.12.4.jar:/Users/lilim/.m2/repository/com/github/java-json-tools/json-patch/1.13/json-patch-1.13.jar:/Users/lilim/.m2/repository/com/github/java-json-tools/msg-simple/1.2/msg-simple-1.2.jar:/Users/lilim/.m2/repository/com/github/java-json-tools/btf/1.3/btf-1.3.jar:/Users/lilim/.m2/repository/com/github/java-json-tools/jackson-coreutils/2.0/jackson-coreutils-2.0.jar:/Users/lilim/.m2/repository/org/jboss/spec/javax/xml/bind/jboss-jaxb-api_2.3_spec/2.0.0.Final/jboss-jaxb-api_2.3_spec-2.0.0.Final.jar:/Users/lilim/.m2/repository/io/quarkus/arc/arc-processor/2.2.3.Final/arc-processor-2.2.3.Final.jar:/Users/lilim/.m2/repository/io/quarkus/gizmo/gizmo/1.0.9.Final/gizmo-1.0.9.Final.jar:/Users/lilim/.m2/repository/org/ow2/asm/asm-util/9.1/asm-util-9.1.jar:/Users/lilim/.m2/repository/org/ow2/asm/asm-tree/9.1/asm-tree-9.1.jar:/Users/lilim/.m2/repository/org/ow2/asm/asm-analysis/9.1/asm-analysis-9.1.jar:/Users/lilim/.m2/repository/io/quarkus/quarkus-undertow/2.2.3.Final/quarkus-undertow-2.2.3.Final.jar:/Users/lilim/.m2/repository/io/quarkus/http/quarkus-http-servlet/4.1.1/quarkus-http-servlet-4.1.1.jar:/Users/lilim/.m2/repository/jakarta/servlet/jakarta.servlet-api/4.0.3/jakarta.servlet-api-4.0.3.jar:/Users/lilim/.m2/repository/io/quarkus/http/quarkus-http-vertx-backend/4.1.1/quarkus-http-vertx-backend-4.1.1.jar:/Users/lilim/.m2/repository/io/quarkus/http/quarkus-http-http-core/4.1.1/quarkus-http-http-core-4.1.1.jar:/Users/lilim/.m2/repository/io/quarkus/http/quarkus-http-core/4.1.1/quarkus-http-core-4.1.1.jar:/Users/lilim/.m2/repository/io/netty/netty-codec-http/4.1.67.Final/netty-codec-http-4.1.67.Final.jar:/Users/lilim/.m2/repository/org/kie/kogito/kogito-api/1.11.1.Final/kogito-api-1.11.1.Final.jar:/Users/lilim/.m2/repository/com/fasterxml/jackson/core/jackson-annotations/2.12.4/jackson-annotations-2.12.4.jar:/Users/lilim/.m2/repository/org/kie/kie-api/7.59.0.Final/kie-api-7.59.0.Final.jar:/Users/lilim/.m2/repository/org/kie/soup/kie-soup-maven-support/7.59.0.Final/kie-soup-maven-support-7.59.0.Final.jar:/Users/lilim/.m2/repository/org/kie/kie-dmn-api/7.59.0.Final/kie-dmn-api-7.59.0.Final.jar:/Users/lilim/.m2/repository/org/kie/kie-internal/7.59.0.Final/kie-internal-7.59.0.Final.jar:/Users/lilim/.m2/repository/org/kie/kie-dmn-model/7.59.0.Final/kie-dmn-model-7.59.0.Final.jar:/Users/lilim/.m2/repository/org/kie/kogito/kogito-timer/1.11.1.Final/kogito-timer-1.11.1.Final.jar:/Users/lilim/.m2/repository/org/kie/kie-pmml-evaluator-api/7.59.0.Final/kie-pmml-evaluator-api-7.59.0.Final.jar:/Users/lilim/.m2/repository/org/kie/kie-pmml-api/7.59.0.Final/kie-pmml-api-7.59.0.Final.jar:/Users/lilim/.m2/repository/org/apache/commons/commons-math3/3.4.1/commons-math3-3.4.1.jar:/Users/lilim/.m2/repository/org/kie/kie-pmml-commons/7.59.0.Final/kie-pmml-commons-7.59.0.Final.jar:/Users/lilim/.m2/repository/org/apache/commons/commons-text/1.9/commons-text-1.9.jar:/Users/lilim/.m2/repository/jakarta/annotation/jakarta.annotation-api/1.3.5/jakarta.annotation-api-1.3.5.jar:/Users/lilim/.m2/repository/org/kie/kogito/kogito-drools/1.11.1.Final/kogito-drools-1.11.1.Final.jar:/Users/lilim/.m2/repository/org/kie/kogito/drools-core/1.11.1.Final/drools-core-1.11.1.Final.jar:/Users/lilim/.m2/repository/org/drools/drools-core/7.59.0.Final/drools-core-7.59.0.Final.jar:/Users/lilim/.m2/repository/org/kie/soup/kie-soup-xstream/7.59.0.Final/kie-soup-xstream-7.59.0.Final.jar:/Users/lilim/.m2/repository/org/kie/kogito/kogito-services/1.11.1.Final/kogito-services-1.11.1.Final.jar:/Users/lilim/.m2/repository/org/kie/kogito/drools-compiler/1.11.1.Final/drools-compiler-1.11.1.Final.jar:/Users/lilim/.m2/repository/org/drools/drools-compiler/7.59.0.Final/drools-compiler-7.59.0.Final.jar:/Users/lilim/.m2/repository/org/kie/kie-memory-compiler/7.59.0.Final/kie-memory-compiler-7.59.0.Final.jar:/Users/lilim/.m2/repository/org/drools/drools-ecj/7.59.0.Final/drools-ecj-7.59.0.Final.jar:/Users/lilim/.m2/repository/org/antlr/antlr-runtime/3.5.2/antlr-runtime-3.5.2.jar:/Users/lilim/.m2/repository/org/kie/kogito/drools-core-static/1.11.1.Final/drools-core-static-1.11.1.Final.jar:/Users/lilim/.m2/repository/org/drools/drools-core-reflective/7.59.0.Final/drools-core-reflective-7.59.0.Final.jar:/Users/lilim/.m2/repository/org/kie/kogito/kogito-ruleunits/1.11.1.Final/kogito-ruleunits-1.11.1.Final.jar:/Users/lilim/.m2/repository/org/kie/kogito/kogito-drools-model/1.11.1.Final/kogito-drools-model-1.11.1.Final.jar:/Users/lilim/.m2/repository/org/drools/drools-model-compiler/7.59.0.Final/drools-model-compiler-7.59.0.Final.jar:/Users/lilim/.m2/repository/org/drools/drools-canonical-model/7.59.0.Final/drools-canonical-model-7.59.0.Final.jar:/Users/lilim/.m2/repository/com/github/javaparser/javaparser-core/3.13.10/javaparser-core-3.13.10.jar:/Users/lilim/.m2/repository/org/drools/drools-mvel-parser/7.59.0.Final/drools-mvel-parser-7.59.0.Final.jar:/Users/lilim/.m2/repository/org/drools/drools-mvel-compiler/7.59.0.Final/drools-mvel-compiler-7.59.0.Final.jar:/Users/lilim/.m2/repository/org/slf4j/slf4j-api/1.7.30/slf4j-api-1.7.30.jar:/Users/lilim/.m2/repository/io/quarkus/quarkus-arc/2.2.3.Final/quarkus-arc-2.2.3.Final.jar:/Users/lilim/.m2/repository/io/quarkus/arc/arc/2.2.3.Final/arc-2.2.3.Final.jar:/Users/lilim/.m2/repository/jakarta/enterprise/jakarta.enterprise.cdi-api/2.0.2/jakarta.enterprise.cdi-api-2.0.2.jar:/Users/lilim/.m2/repository/jakarta/el/jakarta.el-api/3.0.3/jakarta.el-api-3.0.3.jar:/Users/lilim/.m2/repository/jakarta/interceptor/jakarta.interceptor-api/1.2.5/jakarta.interceptor-api-1.2.5.jar:/Users/lilim/.m2/repository/jakarta/transaction/jakarta.transaction-api/1.3.3/jakarta.transaction-api-1.3.3.jar:/Users/lilim/.m2/repository/org/jboss/logging/jboss-logging/3.4.2.Final/jboss-logging-3.4.2.Final.jar:/Users/lilim/.m2/repository/io/quarkus/quarkus-core/2.2.3.Final/quarkus-core-2.2.3.Final.jar:/Users/lilim/.m2/repository/jakarta/inject/jakarta.inject-api/1.0/jakarta.inject-api-1.0.jar:/Users/lilim/.m2/repository/io/quarkus/quarkus-ide-launcher/2.2.3.Final/quarkus-ide-launcher-2.2.3.Final.jar:/Users/lilim/.m2/repository/io/quarkus/quarkus-development-mode-spi/2.2.3.Final/quarkus-development-mode-spi-2.2.3.Final.jar:/Users/lilim/.m2/repository/io/smallrye/config/smallrye-config/2.4.4/smallrye-config-2.4.4.jar:/Users/lilim/.m2/repository/io/smallrye/config/smallrye-config-core/2.4.4/smallrye-config-core-2.4.4.jar:/Users/lilim/.m2/repository/org/eclipse/microprofile/config/microprofile-config-api/2.0/microprofile-config-api-2.0.jar:/Users/lilim/.m2/repository/io/smallrye/common/smallrye-common-annotation/1.6.0/smallrye-common-annotation-1.6.0.jar:/Users/lilim/.m2/repository/io/smallrye/common/smallrye-common-expression/1.6.0/smallrye-common-expression-1.6.0.jar:/Users/lilim/.m2/repository/io/smallrye/common/smallrye-common-function/1.6.0/smallrye-common-function-1.6.0.jar:/Users/lilim/.m2/repository/io/smallrye/common/smallrye-common-constraint/1.6.0/smallrye-common-constraint-1.6.0.jar:/Users/lilim/.m2/repository/io/smallrye/common/smallrye-common-classloader/1.6.0/smallrye-common-classloader-1.6.0.jar:/Users/lilim/.m2/repository/io/smallrye/config/smallrye-config-common/2.4.4/smallrye-config-common-2.4.4.jar:/Users/lilim/.m2/repository/org/jboss/logmanager/jboss-logmanager-embedded/1.0.9/jboss-logmanager-embedded-1.0.9.jar:/Users/lilim/.m2/repository/org/jboss/logging/jboss-logging-annotations/2.2.1.Final/jboss-logging-annotations-2.2.1.Final.jar:/Users/lilim/.m2/repository/org/jboss/threads/jboss-threads/3.4.2.Final/jboss-threads-3.4.2.Final.jar:/Users/lilim/.m2/repository/org/jboss/slf4j/slf4j-jboss-logmanager/1.1.0.Final/slf4j-jboss-logmanager-1.1.0.Final.jar:/Users/lilim/.m2/repository/org/graalvm/sdk/graal-sdk/21.2.0/graal-sdk-21.2.0.jar:/Users/lilim/.m2/repository/org/wildfly/common/wildfly-common/1.5.4.Final-format-001/wildfly-common-1.5.4.Final-format-001.jar:/Users/lilim/.m2/repository/io/quarkus/quarkus-bootstrap-runner/2.2.3.Final/quarkus-bootstrap-runner-2.2.3.Final.jar:/Users/lilim/.m2/repository/org/eclipse/microprofile/context-propagation/microprofile-context-propagation-api/1.2/microprofile-context-propagation-api-1.2.jar:/Users/lilim/.m2/repository/io/quarkus/quarkus-resteasy/2.2.3.Final/quarkus-resteasy-2.2.3.Final.jar:/Users/lilim/.m2/repository/io/quarkus/quarkus-vertx-http/2.2.3.Final/quarkus-vertx-http-2.2.3.Final.jar:/Users/lilim/.m2/repository/io/quarkus/quarkus-security-runtime-spi/2.2.3.Final/quarkus-security-runtime-spi-2.2.3.Final.jar:/Users/lilim/.m2/repository/io/quarkus/quarkus-mutiny/2.2.3.Final/quarkus-mutiny-2.2.3.Final.jar:/Users/lilim/.m2/repository/io/smallrye/reactive/mutiny/1.0.0/mutiny-1.0.0.jar:/Users/lilim/.m2/repository/org/reactivestreams/reactive-streams/1.0.3/reactive-streams-1.0.3.jar:/Users/lilim/.m2/repository/io/quarkus/quarkus-smallrye-context-propagation/2.2.3.Final/quarkus-smallrye-context-propagation-2.2.3.Final.jar:/Users/lilim/.m2/repository/io/smallrye/smallrye-context-propagation/1.2.0/smallrye-context-propagation-1.2.0.jar:/Users/lilim/.m2/repository/io/smallrye/smallrye-context-propagation-api/1.2.0/smallrye-context-propagation-api-1.2.0.jar:/Users/lilim/.m2/repository/io/smallrye/smallrye-context-propagation-storage/1.2.0/smallrye-context-propagation-storage-1.2.0.jar:/Users/lilim/.m2/repository/io/smallrye/reactive/mutiny-smallrye-context-propagation/1.0.0/mutiny-smallrye-context-propagation-1.0.0.jar:/Users/lilim/.m2/repository/io/quarkus/quarkus-vertx-http-dev-console-runtime-spi/2.2.3.Final/quarkus-vertx-http-dev-console-runtime-spi-2.2.3.Final.jar:/Users/lilim/.m2/repository/io/quarkus/security/quarkus-security/1.1.4.Final/quarkus-security-1.1.4.Final.jar:/Users/lilim/.m2/repository/io/quarkus/quarkus-vertx-core/2.2.3.Final/quarkus-vertx-core-2.2.3.Final.jar:/Users/lilim/.m2/repository/io/quarkus/quarkus-netty/2.2.3.Final/quarkus-netty-2.2.3.Final.jar:/Users/lilim/.m2/repository/io/netty/netty-codec/4.1.67.Final/netty-codec-4.1.67.Final.jar:/Users/lilim/.m2/repository/io/netty/netty-codec-http2/4.1.67.Final/netty-codec-http2-4.1.67.Final.jar:/Users/lilim/.m2/repository/io/netty/netty-handler/4.1.67.Final/netty-handler-4.1.67.Final.jar:/Users/lilim/.m2/repository/io/netty/netty-codec-haproxy/4.1.67.Final/netty-codec-haproxy-4.1.67.Final.jar:/Users/lilim/.m2/repository/io/netty/netty-buffer/4.1.67.Final/netty-buffer-4.1.67.Final.jar:/Users/lilim/.m2/repository/io/netty/netty-transport/4.1.67.Final/netty-transport-4.1.67.Final.jar:/Users/lilim/.m2/repository/io/vertx/vertx-core/4.1.3/vertx-core-4.1.3.jar:/Users/lilim/.m2/repository/io/netty/netty-common/4.1.67.Final/netty-common-4.1.67.Final.jar:/Users/lilim/.m2/repository/io/netty/netty-handler-proxy/4.1.67.Final/netty-handler-proxy-4.1.67.Final.jar:/Users/lilim/.m2/repository/io/netty/netty-codec-socks/4.1.67.Final/netty-codec-socks-4.1.67.Final.jar:/Users/lilim/.m2/repository/io/netty/netty-resolver/4.1.67.Final/netty-resolver-4.1.67.Final.jar:/Users/lilim/.m2/repository/io/netty/netty-resolver-dns/4.1.67.Final/netty-resolver-dns-4.1.67.Final.jar:/Users/lilim/.m2/repository/io/netty/netty-codec-dns/4.1.67.Final/netty-codec-dns-4.1.67.Final.jar:/Users/lilim/.m2/repository/io/vertx/vertx-web/4.1.3/vertx-web-4.1.3.jar:/Users/lilim/.m2/repository/io/vertx/vertx-web-common/4.1.3/vertx-web-common-4.1.3.jar:/Users/lilim/.m2/repository/io/vertx/vertx-auth-common/4.1.3/vertx-auth-common-4.1.3.jar:/Users/lilim/.m2/repository/io/vertx/vertx-bridge-common/4.1.3/vertx-bridge-common-4.1.3.jar:/Users/lilim/.m2/repository/io/quarkus/quarkus-resteasy-server-common/2.2.3.Final/quarkus-resteasy-server-common-2.2.3.Final.jar:/Users/lilim/.m2/repository/io/quarkus/quarkus-resteasy-common/2.2.3.Final/quarkus-resteasy-common-2.2.3.Final.jar:/Users/lilim/.m2/repository/org/jboss/resteasy/resteasy-core/4.7.0.Final/resteasy-core-4.7.0.Final.jar:/Users/lilim/.m2/repository/org/jboss/spec/javax/ws/rs/jboss-jaxrs-api_2.1_spec/2.0.1.Final/jboss-jaxrs-api_2.1_spec-2.0.1.Final.jar:/Users/lilim/.m2/repository/org/jboss/resteasy/resteasy-core-spi/4.7.0.Final/resteasy-core-spi-4.7.0.Final.jar:/Users/lilim/.m2/repository/com/ibm/async/asyncutil/0.1.0/asyncutil-0.1.0.jar:/Users/lilim/.m2/repository/com/sun/activation/jakarta.activation/1.2.1/jakarta.activation-1.2.1.jar:/Users/lilim/.m2/repository/jakarta/validation/jakarta.validation-api/2.0.2/jakarta.validation-api-2.0.2.jar:/Users/lilim/.m2/repository/io/quarkus/quarkus-junit5/2.2.3.Final/quarkus-junit5-2.2.3.Final.jar:/Users/lilim/.m2/repository/io/quarkus/quarkus-bootstrap-core/2.2.3.Final/quarkus-bootstrap-core-2.2.3.Final.jar:/Users/lilim/.m2/repository/io/quarkus/quarkus-bootstrap-app-model/2.2.3.Final/quarkus-bootstrap-app-model-2.2.3.Final.jar:/Users/lilim/.m2/repository/io/quarkus/quarkus-bootstrap-maven-resolver/2.2.3.Final/quarkus-bootstrap-maven-resolver-2.2.3.Final.jar:/Users/lilim/.m2/repository/org/apache/maven/maven-embedder/3.8.1/maven-embedder-3.8.1.jar:/Users/lilim/.m2/repository/org/apache/maven/maven-settings/3.8.1/maven-settings-3.8.1.jar:/Users/lilim/.m2/repository/org/apache/maven/maven-core/3.8.1/maven-core-3.8.1.jar:/Users/lilim/.m2/repository/org/apache/maven/maven-artifact/3.8.1/maven-artifact-3.8.1.jar:/Users/lilim/.m2/repository/org/codehaus/plexus/plexus-component-annotations/2.1.0/plexus-component-annotations-2.1.0.jar:/Users/lilim/.m2/repository/org/apache/maven/maven-plugin-api/3.8.1/maven-plugin-api-3.8.1.jar:/Users/lilim/.m2/repository/org/apache/maven/maven-model/3.8.1/maven-model-3.8.1.jar:/Users/lilim/.m2/repository/org/apache/maven/maven-model-builder/3.8.1/maven-model-builder-3.8.1.jar:/Users/lilim/.m2/repository/org/apache/maven/maven-builder-support/3.8.1/maven-builder-support-3.8.1.jar:/Users/lilim/.m2/repository/org/apache/maven/resolver/maven-resolver-api/1.6.2/maven-resolver-api-1.6.2.jar:/Users/lilim/.m2/repository/org/apache/maven/resolver/maven-resolver-util/1.6.2/maven-resolver-util-1.6.2.jar:/Users/lilim/.m2/repository/org/apache/maven/shared/maven-shared-utils/3.3.3/maven-shared-utils-3.3.3.jar:/Users/lilim/.m2/repository/commons-io/commons-io/2.11.0/commons-io-2.11.0.jar:/Users/lilim/.m2/repository/com/google/inject/guice/4.2.1/guice-4.2.1-no_aop.jar:/Users/lilim/.m2/repository/com/google/guava/guava/30.1.1-jre/guava-30.1.1-jre.jar:/Users/lilim/.m2/repository/com/google/guava/failureaccess/1.0.1/failureaccess-1.0.1.jar:/Users/lilim/.m2/repository/com/google/guava/listenablefuture/9999.0-empty-to-avoid-conflict-with-guava/listenablefuture-9999.0-empty-to-avoid-conflict-with-guava.jar:/Users/lilim/.m2/repository/org/codehaus/plexus/plexus-utils/3.2.1/plexus-utils-3.2.1.jar:/Users/lilim/.m2/repository/org/codehaus/plexus/plexus-classworlds/2.6.0/plexus-classworlds-2.6.0.jar:/Users/lilim/.m2/repository/commons-cli/commons-cli/1.4/commons-cli-1.4.jar:/Users/lilim/.m2/repository/org/eclipse/sisu/org.eclipse.sisu.plexus/0.3.4/org.eclipse.sisu.plexus-0.3.4.jar:/Users/lilim/.m2/repository/org/apache/maven/maven-settings-builder/3.8.1/maven-settings-builder-3.8.1.jar:/Users/lilim/.m2/repository/org/codehaus/plexus/plexus-interpolation/1.25/plexus-interpolation-1.25.jar:/Users/lilim/.m2/repository/org/sonatype/plexus/plexus-sec-dispatcher/1.4/plexus-sec-dispatcher-1.4.jar:/Users/lilim/.m2/repository/org/sonatype/plexus/plexus-cipher/1.4/plexus-cipher-1.4.jar:/Users/lilim/.m2/repository/org/apache/maven/maven-resolver-provider/3.8.1/maven-resolver-provider-3.8.1.jar:/Users/lilim/.m2/repository/org/apache/maven/maven-repository-metadata/3.8.1/maven-repository-metadata-3.8.1.jar:/Users/lilim/.m2/repository/org/apache/maven/resolver/maven-resolver-spi/1.6.2/maven-resolver-spi-1.6.2.jar:/Users/lilim/.m2/repository/org/apache/maven/resolver/maven-resolver-impl/1.6.2/maven-resolver-impl-1.6.2.jar:/Users/lilim/.m2/repository/org/apache/maven/resolver/maven-resolver-connector-basic/1.6.2/maven-resolver-connector-basic-1.6.2.jar:/Users/lilim/.m2/repository/org/apache/maven/resolver/maven-resolver-transport-wagon/1.6.2/maven-resolver-transport-wagon-1.6.2.jar:/Users/lilim/.m2/repository/org/apache/maven/wagon/wagon-http/3.4.3/wagon-http-3.4.3.jar:/Users/lilim/.m2/repository/org/apache/maven/wagon/wagon-http-shared/3.4.3/wagon-http-shared-3.4.3.jar:/Users/lilim/.m2/repository/org/jsoup/jsoup/1.12.1/jsoup-1.12.1.jar:/Users/lilim/.m2/repository/org/apache/maven/wagon/wagon-provider-api/3.4.3/wagon-provider-api-3.4.3.jar:/Users/lilim/.m2/repository/org/apache/maven/wagon/wagon-file/3.4.3/wagon-file-3.4.3.jar:/Users/lilim/.m2/repository/io/quarkus/quarkus-bootstrap-gradle-resolver/2.2.3.Final/quarkus-bootstrap-gradle-resolver-2.2.3.Final.jar:/Users/lilim/.m2/repository/io/smallrye/common/smallrye-common-io/1.6.0/smallrye-common-io-1.6.0.jar:/Users/lilim/.m2/repository/org/eclipse/sisu/org.eclipse.sisu.inject/0.3.4/org.eclipse.sisu.inject-0.3.4.jar:/Users/lilim/.m2/repository/io/quarkus/quarkus-test-common/2.2.3.Final/quarkus-test-common-2.2.3.Final.jar:/Users/lilim/.m2/repository/io/quarkus/quarkus-core-deployment/2.2.3.Final/quarkus-core-deployment-2.2.3.Final.jar:/Users/lilim/.m2/repository/org/aesh/readline/2.1/readline-2.1.jar:/Users/lilim/.m2/repository/org/fusesource/jansi/jansi/1.18/jansi-1.18.jar:/Users/lilim/.m2/repository/org/ow2/asm/asm/9.1/asm-9.1.jar:/Users/lilim/.m2/repository/io/quarkus/quarkus-class-change-agent/2.2.3.Final/quarkus-class-change-agent-2.2.3.Final.jar:/Users/lilim/.m2/repository/io/quarkus/quarkus-devtools-utilities/2.2.3.Final/quarkus-devtools-utilities-2.2.3.Final.jar:/Users/lilim/.m2/repository/io/quarkus/quarkus-builder/2.2.3.Final/quarkus-builder-2.2.3.Final.jar:/Users/lilim/.m2/repository/org/junit/platform/junit-platform-launcher/1.7.2/junit-platform-launcher-1.7.2.jar:/Users/lilim/.m2/repository/io/quarkus/quarkus-jsonp-deployment/2.2.3.Final/quarkus-jsonp-deployment-2.2.3.Final.jar:/Users/lilim/.m2/repository/io/quarkus/quarkus-jsonp/2.2.3.Final/quarkus-jsonp-2.2.3.Final.jar:/Users/lilim/.m2/repository/org/glassfish/jakarta.json/1.1.6/jakarta.json-1.1.6.jar:/Users/lilim/.m2/repository/org/jboss/jandex/2.3.1.Final/jandex-2.3.1.Final.jar:/Users/lilim/.m2/repository/org/jboss/logging/commons-logging-jboss-logging/1.0.0.Final/commons-logging-jboss-logging-1.0.0.Final.jar:/Users/lilim/.m2/repository/org/junit/jupiter/junit-jupiter/5.7.2/junit-jupiter-5.7.2.jar:/Users/lilim/.m2/repository/org/junit/jupiter/junit-jupiter-api/5.7.2/junit-jupiter-api-5.7.2.jar:/Users/lilim/.m2/repository/org/apiguardian/apiguardian-api/1.1.0/apiguardian-api-1.1.0.jar:/Users/lilim/.m2/repository/org/opentest4j/opentest4j/1.2.0/opentest4j-1.2.0.jar:/Users/lilim/.m2/repository/org/junit/platform/junit-platform-commons/1.7.2/junit-platform-commons-1.7.2.jar:/Users/lilim/.m2/repository/org/junit/jupiter/junit-jupiter-params/5.7.2/junit-jupiter-params-5.7.2.jar:/Users/lilim/.m2/repository/org/junit/jupiter/junit-jupiter-engine/5.7.2/junit-jupiter-engine-5.7.2.jar:/Users/lilim/.m2/repository/org/junit/platform/junit-platform-engine/1.7.2/junit-platform-engine-1.7.2.jar:/Users/lilim/.m2/repository/com/thoughtworks/xstream/xstream/1.4.17/xstream-1.4.17.jar:/Users/lilim/.m2/repository/io/github/x-stream/mxparser/1.2.1/mxparser-1.2.1.jar:/Users/lilim/.m2/repository/xmlpull/xmlpull/1.1.3.1/xmlpull-1.1.3.1.jar:/Users/lilim/.m2/repository/io/rest-assured/rest-assured/4.4.0/rest-assured-4.4.0.jar:/Users/lilim/.m2/repository/org/codehaus/groovy/groovy/3.0.8/groovy-3.0.8.jar:/Users/lilim/.m2/repository/org/codehaus/groovy/groovy-xml/3.0.8/groovy-xml-3.0.8.jar:/Users/lilim/.m2/repository/org/apache/httpcomponents/httpclient/4.5.13/httpclient-4.5.13.jar:/Users/lilim/.m2/repository/org/apache/httpcomponents/httpcore/4.4.14/httpcore-4.4.14.jar:/Users/lilim/.m2/repository/commons-codec/commons-codec/1.15/commons-codec-1.15.jar:/Users/lilim/.m2/repository/org/apache/httpcomponents/httpmime/4.5.13/httpmime-4.5.13.jar:/Users/lilim/.m2/repository/org/hamcrest/hamcrest/2.1/hamcrest-2.1.jar:/Users/lilim/.m2/repository/org/ccil/cowan/tagsoup/tagsoup/1.2.1/tagsoup-1.2.1.jar:/Users/lilim/.m2/repository/io/rest-assured/json-path/4.4.0/json-path-4.4.0.jar:/Users/lilim/.m2/repository/org/codehaus/groovy/groovy-json/3.0.8/groovy-json-3.0.8.jar:/Users/lilim/.m2/repository/io/rest-assured/rest-assured-common/4.4.0/rest-assured-common-4.4.0.jar:/Users/lilim/.m2/repository/io/rest-assured/xml-path/4.4.0/xml-path-4.4.0.jar:/Users/lilim/.m2/repository/org/apache/commons/commons-lang3/3.12.0/commons-lang3-3.12.0.jar:/Users/lilim/.m2/repository/jakarta/xml/bind/jakarta.xml.bind-api/2.3.3/jakarta.xml.bind-api-2.3.3.jar:/Users/lilim/.m2/repository/com/sun/xml/bind/jaxb-impl/2.3.3/jaxb-impl-2.3.3.jar:"/>
    <property name="java.vm.vendor" value="AdoptOpenJDK"/>
    <property name="sun.arch.data.model" value="64"/>
    <property name="java.vendor.url" value="https://adoptopenjdk.net/"/>
    <property name="user.timezone" value="Asia/Singapore"/>
    <property name="java.vm.specification.version" value="11"/>
    <property name="os.name" value="Mac OS X"/>
    <property name="sun.java.launcher" value="SUN_STANDARD"/>
    <property name="user.country" value="SG"/>
    <property name="sun.boot.library.path" value="/Library/Java/JavaVirtualMachines/adoptopenjdk-11.jdk/Contents/Home/lib"/>
    <property name="sun.java.command" value="/Users/lilim/kogito/kogito-drl-loan/target/surefire/surefirebooter3321888621470284290.jar /Users/lilim/kogito/kogito-drl-loan/target/surefire 2021-09-21T15-06-47_891-jvmRun1 surefire4820458540274021183tmp surefire_013424606576226046218tmp"/>
    <property name="jdk.debug" value="release"/>
    <property name="maven.home" value="/Users/lilim/.m2/wrapper/dists/apache-maven-3.8.1-bin/2l5mhf2pq2clrde7f7qp1rdt5m/apache-maven-3.8.1"/>
    <property name="surefire.test.class.path" value="/Users/lilim/kogito/kogito-drl-loan/target/test-classes:/Users/lilim/kogito/kogito-drl-loan/target/classes:/Users/lilim/.m2/repository/org/kie/kogito/kogito-quarkus-rules/1.11.1.Final/kogito-quarkus-rules-1.11.1.Final.jar:/Users/lilim/.m2/repository/org/kie/kogito/kogito-quarkus-common/1.11.1.Final/kogito-quarkus-common-1.11.1.Final.jar:/Users/lilim/.m2/repository/org/mvel/mvel2/2.4.12.Final/mvel2-2.4.12.Final.jar:/Users/lilim/.m2/repository/com/jayway/jsonpath/json-path/2.6.0/json-path-2.6.0.jar:/Users/lilim/.m2/repository/net/minidev/json-smart/2.4.7/json-smart-2.4.7.jar:/Users/lilim/.m2/repository/net/minidev/accessors-smart/2.4.7/accessors-smart-2.4.7.jar:/Users/lilim/.m2/repository/io/quarkus/quarkus-resteasy-jackson/2.2.3.Final/quarkus-resteasy-jackson-2.2.3.Final.jar:/Users/lilim/.m2/repository/io/quarkus/quarkus-jackson/2.2.3.Final/quarkus-jackson-2.2.3.Final.jar:/Users/lilim/.m2/repository/com/fasterxml/jackson/core/jackson-databind/2.12.4/jackson-databind-2.12.4.jar:/Users/lilim/.m2/repository/com/fasterxml/jackson/datatype/jackson-datatype-jsr310/2.12.4/jackson-datatype-jsr310-2.12.4.jar:/Users/lilim/.m2/repository/com/fasterxml/jackson/datatype/jackson-datatype-jdk8/2.12.4/jackson-datatype-jdk8-2.12.4.jar:/Users/lilim/.m2/repository/com/fasterxml/jackson/module/jackson-module-parameter-names/2.12.4/jackson-module-parameter-names-2.12.4.jar:/Users/lilim/.m2/repository/org/jboss/resteasy/resteasy-jackson2-provider/4.7.0.Final/resteasy-jackson2-provider-4.7.0.Final.jar:/Users/lilim/.m2/repository/com/fasterxml/jackson/core/jackson-core/2.12.4/jackson-core-2.12.4.jar:/Users/lilim/.m2/repository/com/fasterxml/jackson/jaxrs/jackson-jaxrs-json-provider/2.12.4/jackson-jaxrs-json-provider-2.12.4.jar:/Users/lilim/.m2/repository/com/fasterxml/jackson/jaxrs/jackson-jaxrs-base/2.12.4/jackson-jaxrs-base-2.12.4.jar:/Users/lilim/.m2/repository/com/fasterxml/jackson/module/jackson-module-jaxb-annotations/2.12.4/jackson-module-jaxb-annotations-2.12.4.jar:/Users/lilim/.m2/repository/com/github/java-json-tools/json-patch/1.13/json-patch-1.13.jar:/Users/lilim/.m2/repository/com/github/java-json-tools/msg-simple/1.2/msg-simple-1.2.jar:/Users/lilim/.m2/repository/com/github/java-json-tools/btf/1.3/btf-1.3.jar:/Users/lilim/.m2/repository/com/github/java-json-tools/jackson-coreutils/2.0/jackson-coreutils-2.0.jar:/Users/lilim/.m2/repository/org/jboss/spec/javax/xml/bind/jboss-jaxb-api_2.3_spec/2.0.0.Final/jboss-jaxb-api_2.3_spec-2.0.0.Final.jar:/Users/lilim/.m2/repository/io/quarkus/arc/arc-processor/2.2.3.Final/arc-processor-2.2.3.Final.jar:/Users/lilim/.m2/repository/io/quarkus/gizmo/gizmo/1.0.9.Final/gizmo-1.0.9.Final.jar:/Users/lilim/.m2/repository/org/ow2/asm/asm-util/9.1/asm-util-9.1.jar:/Users/lilim/.m2/repository/org/ow2/asm/asm-tree/9.1/asm-tree-9.1.jar:/Users/lilim/.m2/repository/org/ow2/asm/asm-analysis/9.1/asm-analysis-9.1.jar:/Users/lilim/.m2/repository/io/quarkus/quarkus-undertow/2.2.3.Final/quarkus-undertow-2.2.3.Final.jar:/Users/lilim/.m2/repository/io/quarkus/http/quarkus-http-servlet/4.1.1/quarkus-http-servlet-4.1.1.jar:/Users/lilim/.m2/repository/jakarta/servlet/jakarta.servlet-api/4.0.3/jakarta.servlet-api-4.0.3.jar:/Users/lilim/.m2/repository/io/quarkus/http/quarkus-http-vertx-backend/4.1.1/quarkus-http-vertx-backend-4.1.1.jar:/Users/lilim/.m2/repository/io/quarkus/http/quarkus-http-http-core/4.1.1/quarkus-http-http-core-4.1.1.jar:/Users/lilim/.m2/repository/io/quarkus/http/quarkus-http-core/4.1.1/quarkus-http-core-4.1.1.jar:/Users/lilim/.m2/repository/io/netty/netty-codec-http/4.1.67.Final/netty-codec-http-4.1.67.Final.jar:/Users/lilim/.m2/repository/org/kie/kogito/kogito-api/1.11.1.Final/kogito-api-1.11.1.Final.jar:/Users/lilim/.m2/repository/com/fasterxml/jackson/core/jackson-annotations/2.12.4/jackson-annotations-2.12.4.jar:/Users/lilim/.m2/repository/org/kie/kie-api/7.59.0.Final/kie-api-7.59.0.Final.jar:/Users/lilim/.m2/repository/org/kie/soup/kie-soup-maven-support/7.59.0.Final/kie-soup-maven-support-7.59.0.Final.jar:/Users/lilim/.m2/repository/org/kie/kie-dmn-api/7.59.0.Final/kie-dmn-api-7.59.0.Final.jar:/Users/lilim/.m2/repository/org/kie/kie-internal/7.59.0.Final/kie-internal-7.59.0.Final.jar:/Users/lilim/.m2/repository/org/kie/kie-dmn-model/7.59.0.Final/kie-dmn-model-7.59.0.Final.jar:/Users/lilim/.m2/repository/org/kie/kogito/kogito-timer/1.11.1.Final/kogito-timer-1.11.1.Final.jar:/Users/lilim/.m2/repository/org/kie/kie-pmml-evaluator-api/7.59.0.Final/kie-pmml-evaluator-api-7.59.0.Final.jar:/Users/lilim/.m2/repository/org/kie/kie-pmml-api/7.59.0.Final/kie-pmml-api-7.59.0.Final.jar:/Users/lilim/.m2/repository/org/apache/commons/commons-math3/3.4.1/commons-math3-3.4.1.jar:/Users/lilim/.m2/repository/org/kie/kie-pmml-commons/7.59.0.Final/kie-pmml-commons-7.59.0.Final.jar:/Users/lilim/.m2/repository/org/apache/commons/commons-text/1.9/commons-text-1.9.jar:/Users/lilim/.m2/repository/jakarta/annotation/jakarta.annotation-api/1.3.5/jakarta.annotation-api-1.3.5.jar:/Users/lilim/.m2/repository/org/kie/kogito/kogito-drools/1.11.1.Final/kogito-drools-1.11.1.Final.jar:/Users/lilim/.m2/repository/org/kie/kogito/drools-core/1.11.1.Final/drools-core-1.11.1.Final.jar:/Users/lilim/.m2/repository/org/drools/drools-core/7.59.0.Final/drools-core-7.59.0.Final.jar:/Users/lilim/.m2/repository/org/kie/soup/kie-soup-xstream/7.59.0.Final/kie-soup-xstream-7.59.0.Final.jar:/Users/lilim/.m2/repository/org/kie/kogito/kogito-services/1.11.1.Final/kogito-services-1.11.1.Final.jar:/Users/lilim/.m2/repository/org/kie/kogito/drools-compiler/1.11.1.Final/drools-compiler-1.11.1.Final.jar:/Users/lilim/.m2/repository/org/drools/drools-compiler/7.59.0.Final/drools-compiler-7.59.0.Final.jar:/Users/lilim/.m2/repository/org/kie/kie-memory-compiler/7.59.0.Final/kie-memory-compiler-7.59.0.Final.jar:/Users/lilim/.m2/repository/org/drools/drools-ecj/7.59.0.Final/drools-ecj-7.59.0.Final.jar:/Users/lilim/.m2/repository/org/antlr/antlr-runtime/3.5.2/antlr-runtime-3.5.2.jar:/Users/lilim/.m2/repository/org/kie/kogito/drools-core-static/1.11.1.Final/drools-core-static-1.11.1.Final.jar:/Users/lilim/.m2/repository/org/drools/drools-core-reflective/7.59.0.Final/drools-core-reflective-7.59.0.Final.jar:/Users/lilim/.m2/repository/org/kie/kogito/kogito-ruleunits/1.11.1.Final/kogito-ruleunits-1.11.1.Final.jar:/Users/lilim/.m2/repository/org/kie/kogito/kogito-drools-model/1.11.1.Final/kogito-drools-model-1.11.1.Final.jar:/Users/lilim/.m2/repository/org/drools/drools-model-compiler/7.59.0.Final/drools-model-compiler-7.59.0.Final.jar:/Users/lilim/.m2/repository/org/drools/drools-canonical-model/7.59.0.Final/drools-canonical-model-7.59.0.Final.jar:/Users/lilim/.m2/repository/com/github/javaparser/javaparser-core/3.13.10/javaparser-core-3.13.10.jar:/Users/lilim/.m2/repository/org/drools/drools-mvel-parser/7.59.0.Final/drools-mvel-parser-7.59.0.Final.jar:/Users/lilim/.m2/repository/org/drools/drools-mvel-compiler/7.59.0.Final/drools-mvel-compiler-7.59.0.Final.jar:/Users/lilim/.m2/repository/org/slf4j/slf4j-api/1.7.30/slf4j-api-1.7.30.jar:/Users/lilim/.m2/repository/io/quarkus/quarkus-arc/2.2.3.Final/quarkus-arc-2.2.3.Final.jar:/Users/lilim/.m2/repository/io/quarkus/arc/arc/2.2.3.Final/arc-2.2.3.Final.jar:/Users/lilim/.m2/repository/jakarta/enterprise/jakarta.enterprise.cdi-api/2.0.2/jakarta.enterprise.cdi-api-2.0.2.jar:/Users/lilim/.m2/repository/jakarta/el/jakarta.el-api/3.0.3/jakarta.el-api-3.0.3.jar:/Users/lilim/.m2/repository/jakarta/interceptor/jakarta.interceptor-api/1.2.5/jakarta.interceptor-api-1.2.5.jar:/Users/lilim/.m2/repository/jakarta/transaction/jakarta.transaction-api/1.3.3/jakarta.transaction-api-1.3.3.jar:/Users/lilim/.m2/repository/org/jboss/logging/jboss-logging/3.4.2.Final/jboss-logging-3.4.2.Final.jar:/Users/lilim/.m2/repository/io/quarkus/quarkus-core/2.2.3.Final/quarkus-core-2.2.3.Final.jar:/Users/lilim/.m2/repository/jakarta/inject/jakarta.inject-api/1.0/jakarta.inject-api-1.0.jar:/Users/lilim/.m2/repository/io/quarkus/quarkus-ide-launcher/2.2.3.Final/quarkus-ide-launcher-2.2.3.Final.jar:/Users/lilim/.m2/repository/io/quarkus/quarkus-development-mode-spi/2.2.3.Final/quarkus-development-mode-spi-2.2.3.Final.jar:/Users/lilim/.m2/repository/io/smallrye/config/smallrye-config/2.4.4/smallrye-config-2.4.4.jar:/Users/lilim/.m2/repository/io/smallrye/config/smallrye-config-core/2.4.4/smallrye-config-core-2.4.4.jar:/Users/lilim/.m2/repository/org/eclipse/microprofile/config/microprofile-config-api/2.0/microprofile-config-api-2.0.jar:/Users/lilim/.m2/repository/io/smallrye/common/smallrye-common-annotation/1.6.0/smallrye-common-annotation-1.6.0.jar:/Users/lilim/.m2/repository/io/smallrye/common/smallrye-common-expression/1.6.0/smallrye-common-expression-1.6.0.jar:/Users/lilim/.m2/repository/io/smallrye/common/smallrye-common-function/1.6.0/smallrye-common-function-1.6.0.jar:/Users/lilim/.m2/repository/io/smallrye/common/smallrye-common-constraint/1.6.0/smallrye-common-constraint-1.6.0.jar:/Users/lilim/.m2/repository/io/smallrye/common/smallrye-common-classloader/1.6.0/smallrye-common-classloader-1.6.0.jar:/Users/lilim/.m2/repository/io/smallrye/config/smallrye-config-common/2.4.4/smallrye-config-common-2.4.4.jar:/Users/lilim/.m2/repository/org/jboss/logmanager/jboss-logmanager-embedded/1.0.9/jboss-logmanager-embedded-1.0.9.jar:/Users/lilim/.m2/repository/org/jboss/logging/jboss-logging-annotations/2.2.1.Final/jboss-logging-annotations-2.2.1.Final.jar:/Users/lilim/.m2/repository/org/jboss/threads/jboss-threads/3.4.2.Final/jboss-threads-3.4.2.Final.jar:/Users/lilim/.m2/repository/org/jboss/slf4j/slf4j-jboss-logmanager/1.1.0.Final/slf4j-jboss-logmanager-1.1.0.Final.jar:/Users/lilim/.m2/repository/org/graalvm/sdk/graal-sdk/21.2.0/graal-sdk-21.2.0.jar:/Users/lilim/.m2/repository/org/wildfly/common/wildfly-common/1.5.4.Final-format-001/wildfly-common-1.5.4.Final-format-001.jar:/Users/lilim/.m2/repository/io/quarkus/quarkus-bootstrap-runner/2.2.3.Final/quarkus-bootstrap-runner-2.2.3.Final.jar:/Users/lilim/.m2/repository/org/eclipse/microprofile/context-propagation/microprofile-context-propagation-api/1.2/microprofile-context-propagation-api-1.2.jar:/Users/lilim/.m2/repository/io/quarkus/quarkus-resteasy/2.2.3.Final/quarkus-resteasy-2.2.3.Final.jar:/Users/lilim/.m2/repository/io/quarkus/quarkus-vertx-http/2.2.3.Final/quarkus-vertx-http-2.2.3.Final.jar:/Users/lilim/.m2/repository/io/quarkus/quarkus-security-runtime-spi/2.2.3.Final/quarkus-security-runtime-spi-2.2.3.Final.jar:/Users/lilim/.m2/repository/io/quarkus/quarkus-mutiny/2.2.3.Final/quarkus-mutiny-2.2.3.Final.jar:/Users/lilim/.m2/repository/io/smallrye/reactive/mutiny/1.0.0/mutiny-1.0.0.jar:/Users/lilim/.m2/repository/org/reactivestreams/reactive-streams/1.0.3/reactive-streams-1.0.3.jar:/Users/lilim/.m2/repository/io/quarkus/quarkus-smallrye-context-propagation/2.2.3.Final/quarkus-smallrye-context-propagation-2.2.3.Final.jar:/Users/lilim/.m2/repository/io/smallrye/smallrye-context-propagation/1.2.0/smallrye-context-propagation-1.2.0.jar:/Users/lilim/.m2/repository/io/smallrye/smallrye-context-propagation-api/1.2.0/smallrye-context-propagation-api-1.2.0.jar:/Users/lilim/.m2/repository/io/smallrye/smallrye-context-propagation-storage/1.2.0/smallrye-context-propagation-storage-1.2.0.jar:/Users/lilim/.m2/repository/io/smallrye/reactive/mutiny-smallrye-context-propagation/1.0.0/mutiny-smallrye-context-propagation-1.0.0.jar:/Users/lilim/.m2/repository/io/quarkus/quarkus-vertx-http-dev-console-runtime-spi/2.2.3.Final/quarkus-vertx-http-dev-console-runtime-spi-2.2.3.Final.jar:/Users/lilim/.m2/repository/io/quarkus/security/quarkus-security/1.1.4.Final/quarkus-security-1.1.4.Final.jar:/Users/lilim/.m2/repository/io/quarkus/quarkus-vertx-core/2.2.3.Final/quarkus-vertx-core-2.2.3.Final.jar:/Users/lilim/.m2/repository/io/quarkus/quarkus-netty/2.2.3.Final/quarkus-netty-2.2.3.Final.jar:/Users/lilim/.m2/repository/io/netty/netty-codec/4.1.67.Final/netty-codec-4.1.67.Final.jar:/Users/lilim/.m2/repository/io/netty/netty-codec-http2/4.1.67.Final/netty-codec-http2-4.1.67.Final.jar:/Users/lilim/.m2/repository/io/netty/netty-handler/4.1.67.Final/netty-handler-4.1.67.Final.jar:/Users/lilim/.m2/repository/io/netty/netty-codec-haproxy/4.1.67.Final/netty-codec-haproxy-4.1.67.Final.jar:/Users/lilim/.m2/repository/io/netty/netty-buffer/4.1.67.Final/netty-buffer-4.1.67.Final.jar:/Users/lilim/.m2/repository/io/netty/netty-transport/4.1.67.Final/netty-transport-4.1.67.Final.jar:/Users/lilim/.m2/repository/io/vertx/vertx-core/4.1.3/vertx-core-4.1.3.jar:/Users/lilim/.m2/repository/io/netty/netty-common/4.1.67.Final/netty-common-4.1.67.Final.jar:/Users/lilim/.m2/repository/io/netty/netty-handler-proxy/4.1.67.Final/netty-handler-proxy-4.1.67.Final.jar:/Users/lilim/.m2/repository/io/netty/netty-codec-socks/4.1.67.Final/netty-codec-socks-4.1.67.Final.jar:/Users/lilim/.m2/repository/io/netty/netty-resolver/4.1.67.Final/netty-resolver-4.1.67.Final.jar:/Users/lilim/.m2/repository/io/netty/netty-resolver-dns/4.1.67.Final/netty-resolver-dns-4.1.67.Final.jar:/Users/lilim/.m2/repository/io/netty/netty-codec-dns/4.1.67.Final/netty-codec-dns-4.1.67.Final.jar:/Users/lilim/.m2/repository/io/vertx/vertx-web/4.1.3/vertx-web-4.1.3.jar:/Users/lilim/.m2/repository/io/vertx/vertx-web-common/4.1.3/vertx-web-common-4.1.3.jar:/Users/lilim/.m2/repository/io/vertx/vertx-auth-common/4.1.3/vertx-auth-common-4.1.3.jar:/Users/lilim/.m2/repository/io/vertx/vertx-bridge-common/4.1.3/vertx-bridge-common-4.1.3.jar:/Users/lilim/.m2/repository/io/quarkus/quarkus-resteasy-server-common/2.2.3.Final/quarkus-resteasy-server-common-2.2.3.Final.jar:/Users/lilim/.m2/repository/io/quarkus/quarkus-resteasy-common/2.2.3.Final/quarkus-resteasy-common-2.2.3.Final.jar:/Users/lilim/.m2/repository/org/jboss/resteasy/resteasy-core/4.7.0.Final/resteasy-core-4.7.0.Final.jar:/Users/lilim/.m2/repository/org/jboss/spec/javax/ws/rs/jboss-jaxrs-api_2.1_spec/2.0.1.Final/jboss-jaxrs-api_2.1_spec-2.0.1.Final.jar:/Users/lilim/.m2/repository/org/jboss/resteasy/resteasy-core-spi/4.7.0.Final/resteasy-core-spi-4.7.0.Final.jar:/Users/lilim/.m2/repository/com/ibm/async/asyncutil/0.1.0/asyncutil-0.1.0.jar:/Users/lilim/.m2/repository/com/sun/activation/jakarta.activation/1.2.1/jakarta.activation-1.2.1.jar:/Users/lilim/.m2/repository/jakarta/validation/jakarta.validation-api/2.0.2/jakarta.validation-api-2.0.2.jar:/Users/lilim/.m2/repository/io/quarkus/quarkus-junit5/2.2.3.Final/quarkus-junit5-2.2.3.Final.jar:/Users/lilim/.m2/repository/io/quarkus/quarkus-bootstrap-core/2.2.3.Final/quarkus-bootstrap-core-2.2.3.Final.jar:/Users/lilim/.m2/repository/io/quarkus/quarkus-bootstrap-app-model/2.2.3.Final/quarkus-bootstrap-app-model-2.2.3.Final.jar:/Users/lilim/.m2/repository/io/quarkus/quarkus-bootstrap-maven-resolver/2.2.3.Final/quarkus-bootstrap-maven-resolver-2.2.3.Final.jar:/Users/lilim/.m2/repository/org/apache/maven/maven-embedder/3.8.1/maven-embedder-3.8.1.jar:/Users/lilim/.m2/repository/org/apache/maven/maven-settings/3.8.1/maven-settings-3.8.1.jar:/Users/lilim/.m2/repository/org/apache/maven/maven-core/3.8.1/maven-core-3.8.1.jar:/Users/lilim/.m2/repository/org/apache/maven/maven-artifact/3.8.1/maven-artifact-3.8.1.jar:/Users/lilim/.m2/repository/org/codehaus/plexus/plexus-component-annotations/2.1.0/plexus-component-annotations-2.1.0.jar:/Users/lilim/.m2/repository/org/apache/maven/maven-plugin-api/3.8.1/maven-plugin-api-3.8.1.jar:/Users/lilim/.m2/repository/org/apache/maven/maven-model/3.8.1/maven-model-3.8.1.jar:/Users/lilim/.m2/repository/org/apache/maven/maven-model-builder/3.8.1/maven-model-builder-3.8.1.jar:/Users/lilim/.m2/repository/org/apache/maven/maven-builder-support/3.8.1/maven-builder-support-3.8.1.jar:/Users/lilim/.m2/repository/org/apache/maven/resolver/maven-resolver-api/1.6.2/maven-resolver-api-1.6.2.jar:/Users/lilim/.m2/repository/org/apache/maven/resolver/maven-resolver-util/1.6.2/maven-resolver-util-1.6.2.jar:/Users/lilim/.m2/repository/org/apache/maven/shared/maven-shared-utils/3.3.3/maven-shared-utils-3.3.3.jar:/Users/lilim/.m2/repository/commons-io/commons-io/2.11.0/commons-io-2.11.0.jar:/Users/lilim/.m2/repository/com/google/inject/guice/4.2.1/guice-4.2.1-no_aop.jar:/Users/lilim/.m2/repository/com/google/guava/guava/30.1.1-jre/guava-30.1.1-jre.jar:/Users/lilim/.m2/repository/com/google/guava/failureaccess/1.0.1/failureaccess-1.0.1.jar:/Users/lilim/.m2/repository/com/google/guava/listenablefuture/9999.0-empty-to-avoid-conflict-with-guava/listenablefuture-9999.0-empty-to-avoid-conflict-with-guava.jar:/Users/lilim/.m2/repository/org/codehaus/plexus/plexus-utils/3.2.1/plexus-utils-3.2.1.jar:/Users/lilim/.m2/repository/org/codehaus/plexus/plexus-classworlds/2.6.0/plexus-classworlds-2.6.0.jar:/Users/lilim/.m2/repository/commons-cli/commons-cli/1.4/commons-cli-1.4.jar:/Users/lilim/.m2/repository/org/eclipse/sisu/org.eclipse.sisu.plexus/0.3.4/org.eclipse.sisu.plexus-0.3.4.jar:/Users/lilim/.m2/repository/org/apache/maven/maven-settings-builder/3.8.1/maven-settings-builder-3.8.1.jar:/Users/lilim/.m2/repository/org/codehaus/plexus/plexus-interpolation/1.25/plexus-interpolation-1.25.jar:/Users/lilim/.m2/repository/org/sonatype/plexus/plexus-sec-dispatcher/1.4/plexus-sec-dispatcher-1.4.jar:/Users/lilim/.m2/repository/org/sonatype/plexus/plexus-cipher/1.4/plexus-cipher-1.4.jar:/Users/lilim/.m2/repository/org/apache/maven/maven-resolver-provider/3.8.1/maven-resolver-provider-3.8.1.jar:/Users/lilim/.m2/repository/org/apache/maven/maven-repository-metadata/3.8.1/maven-repository-metadata-3.8.1.jar:/Users/lilim/.m2/repository/org/apache/maven/resolver/maven-resolver-spi/1.6.2/maven-resolver-spi-1.6.2.jar:/Users/lilim/.m2/repository/org/apache/maven/resolver/maven-resolver-impl/1.6.2/maven-resolver-impl-1.6.2.jar:/Users/lilim/.m2/repository/org/apache/maven/resolver/maven-resolver-connector-basic/1.6.2/maven-resolver-connector-basic-1.6.2.jar:/Users/lilim/.m2/repository/org/apache/maven/resolver/maven-resolver-transport-wagon/1.6.2/maven-resolver-transport-wagon-1.6.2.jar:/Users/lilim/.m2/repository/org/apache/maven/wagon/wagon-http/3.4.3/wagon-http-3.4.3.jar:/Users/lilim/.m2/repository/org/apache/maven/wagon/wagon-http-shared/3.4.3/wagon-http-shared-3.4.3.jar:/Users/lilim/.m2/repository/org/jsoup/jsoup/1.12.1/jsoup-1.12.1.jar:/Users/lilim/.m2/repository/org/apache/maven/wagon/wagon-provider-api/3.4.3/wagon-provider-api-3.4.3.jar:/Users/lilim/.m2/repository/org/apache/maven/wagon/wagon-file/3.4.3/wagon-file-3.4.3.jar:/Users/lilim/.m2/repository/io/quarkus/quarkus-bootstrap-gradle-resolver/2.2.3.Final/quarkus-bootstrap-gradle-resolver-2.2.3.Final.jar:/Users/lilim/.m2/repository/io/smallrye/common/smallrye-common-io/1.6.0/smallrye-common-io-1.6.0.jar:/Users/lilim/.m2/repository/org/eclipse/sisu/org.eclipse.sisu.inject/0.3.4/org.eclipse.sisu.inject-0.3.4.jar:/Users/lilim/.m2/repository/io/quarkus/quarkus-test-common/2.2.3.Final/quarkus-test-common-2.2.3.Final.jar:/Users/lilim/.m2/repository/io/quarkus/quarkus-core-deployment/2.2.3.Final/quarkus-core-deployment-2.2.3.Final.jar:/Users/lilim/.m2/repository/org/aesh/readline/2.1/readline-2.1.jar:/Users/lilim/.m2/repository/org/fusesource/jansi/jansi/1.18/jansi-1.18.jar:/Users/lilim/.m2/repository/org/ow2/asm/asm/9.1/asm-9.1.jar:/Users/lilim/.m2/repository/io/quarkus/quarkus-class-change-agent/2.2.3.Final/quarkus-class-change-agent-2.2.3.Final.jar:/Users/lilim/.m2/repository/io/quarkus/quarkus-devtools-utilities/2.2.3.Final/quarkus-devtools-utilities-2.2.3.Final.jar:/Users/lilim/.m2/repository/io/quarkus/quarkus-builder/2.2.3.Final/quarkus-builder-2.2.3.Final.jar:/Users/lilim/.m2/repository/org/junit/platform/junit-platform-launcher/1.7.2/junit-platform-launcher-1.7.2.jar:/Users/lilim/.m2/repository/io/quarkus/quarkus-jsonp-deployment/2.2.3.Final/quarkus-jsonp-deployment-2.2.3.Final.jar:/Users/lilim/.m2/repository/io/quarkus/quarkus-jsonp/2.2.3.Final/quarkus-jsonp-2.2.3.Final.jar:/Users/lilim/.m2/repository/org/glassfish/jakarta.json/1.1.6/jakarta.json-1.1.6.jar:/Users/lilim/.m2/repository/org/jboss/jandex/2.3.1.Final/jandex-2.3.1.Final.jar:/Users/lilim/.m2/repository/org/jboss/logging/commons-logging-jboss-logging/1.0.0.Final/commons-logging-jboss-logging-1.0.0.Final.jar:/Users/lilim/.m2/repository/org/junit/jupiter/junit-jupiter/5.7.2/junit-jupiter-5.7.2.jar:/Users/lilim/.m2/repository/org/junit/jupiter/junit-jupiter-api/5.7.2/junit-jupiter-api-5.7.2.jar:/Users/lilim/.m2/repository/org/apiguardian/apiguardian-api/1.1.0/apiguardian-api-1.1.0.jar:/Users/lilim/.m2/repository/org/opentest4j/opentest4j/1.2.0/opentest4j-1.2.0.jar:/Users/lilim/.m2/repository/org/junit/platform/junit-platform-commons/1.7.2/junit-platform-commons-1.7.2.jar:/Users/lilim/.m2/repository/org/junit/jupiter/junit-jupiter-params/5.7.2/junit-jupiter-params-5.7.2.jar:/Users/lilim/.m2/repository/org/junit/jupiter/junit-jupiter-engine/5.7.2/junit-jupiter-engine-5.7.2.jar:/Users/lilim/.m2/repository/org/junit/platform/junit-platform-engine/1.7.2/junit-platform-engine-1.7.2.jar:/Users/lilim/.m2/repository/com/thoughtworks/xstream/xstream/1.4.17/xstream-1.4.17.jar:/Users/lilim/.m2/repository/io/github/x-stream/mxparser/1.2.1/mxparser-1.2.1.jar:/Users/lilim/.m2/repository/xmlpull/xmlpull/1.1.3.1/xmlpull-1.1.3.1.jar:/Users/lilim/.m2/repository/io/rest-assured/rest-assured/4.4.0/rest-assured-4.4.0.jar:/Users/lilim/.m2/repository/org/codehaus/groovy/groovy/3.0.8/groovy-3.0.8.jar:/Users/lilim/.m2/repository/org/codehaus/groovy/groovy-xml/3.0.8/groovy-xml-3.0.8.jar:/Users/lilim/.m2/repository/org/apache/httpcomponents/httpclient/4.5.13/httpclient-4.5.13.jar:/Users/lilim/.m2/repository/org/apache/httpcomponents/httpcore/4.4.14/httpcore-4.4.14.jar:/Users/lilim/.m2/repository/commons-codec/commons-codec/1.15/commons-codec-1.15.jar:/Users/lilim/.m2/repository/org/apache/httpcomponents/httpmime/4.5.13/httpmime-4.5.13.jar:/Users/lilim/.m2/repository/org/hamcrest/hamcrest/2.1/hamcrest-2.1.jar:/Users/lilim/.m2/repository/org/ccil/cowan/tagsoup/tagsoup/1.2.1/tagsoup-1.2.1.jar:/Users/lilim/.m2/repository/io/rest-assured/json-path/4.4.0/json-path-4.4.0.jar:/Users/lilim/.m2/repository/org/codehaus/groovy/groovy-json/3.0.8/groovy-json-3.0.8.jar:/Users/lilim/.m2/repository/io/rest-assured/rest-assured-common/4.4.0/rest-assured-common-4.4.0.jar:/Users/lilim/.m2/repository/io/rest-assured/xml-path/4.4.0/xml-path-4.4.0.jar:/Users/lilim/.m2/repository/org/apache/commons/commons-lang3/3.12.0/commons-lang3-3.12.0.jar:/Users/lilim/.m2/repository/jakarta/xml/bind/jakarta.xml.bind-api/2.3.3/jakarta.xml.bind-api-2.3.3.jar:/Users/lilim/.m2/repository/com/sun/xml/bind/jaxb-impl/2.3.3/jaxb-impl-2.3.3.jar:"/>
    <property name="sun.cpu.endian" value="little"/>
    <property name="user.home" value="/Users/lilim"/>
    <property name="user.language" value="en"/>
    <property name="java.specification.vendor" value="Oracle Corporation"/>
    <property name="io.netty.allocator.maxOrder" value="3"/>
    <property name="java.version.date" value="2020-07-14"/>
    <property name="java.home" value="/Library/Java/JavaVirtualMachines/adoptopenjdk-11.jdk/Contents/Home"/>
    <property name="file.separator" value="/"/>
    <property name="basedir" value="/Users/lilim/kogito/kogito-drl-loan"/>
    <property name="java.vm.compressedOopsMode" value="Zero based"/>
    <property name="line.separator" value="&#10;"/>
    <property name="java.specification.name" value="Java Platform API Specification"/>
    <property name="java.vm.specification.vendor" value="Oracle Corporation"/>
    <property name="java.awt.graphicsenv" value="sun.awt.CGraphicsEnvironment"/>
    <property name="surefire.real.class.path" value="/Users/lilim/kogito/kogito-drl-loan/target/surefire/surefirebooter3321888621470284290.jar"/>
    <property name="sun.management.compiler" value="HotSpot 64-Bit Tiered Compilers"/>
    <property name="java.runtime.version" value="11.0.8+10"/>
    <property name="user.name" value="lilim"/>
    <property name="path.separator" value=":"/>
    <property name="os.version" value="10.16"/>
    <property name="java.runtime.name" value="OpenJDK Runtime Environment"/>
    <property name="file.encoding" value="UTF-8"/>
    <property name="sun.nio.ch.bugLevel" value=""/>
    <property name="java.vm.name" value="OpenJDK 64-Bit Server VM"/>
    <property name="java.vendor.version" value="AdoptOpenJDK"/>
    <property name="localRepository" value="/Users/lilim/.m2/repository"/>
    <property name="java.vendor.url.bug" value="https://github.com/AdoptOpenJDK/openjdk-support/issues"/>
    <property name="java.io.tmpdir" value="/var/folders/tf/95qxvcjn7hq26xchxt66cl_h0000gn/T/"/>
    <property name="quarkus.log.file.path" value="target/quarkus.log"/>
    <property name="java.version" value="11.0.8"/>
    <property name="user.dir" value="/Users/lilim/kogito/kogito-drl-loan"/>
    <property name="os.arch" value="x86_64"/>
    <property name="java.vm.specification.name" value="Java Virtual Machine Specification"/>
    <property name="vertx.disableDnsResolver" value="true"/>
    <property name="java.awt.printerjob" value="sun.lwawt.macosx.CPrinterJob"/>
    <property name="sun.os.patch.level" value="unknown"/>
    <property name="java.util.logging.manager" value="org.jboss.logmanager.LogManager"/>
    <property name="java.library.path" value="/Users/lilim/Library/Java/Extensions:/Library/Java/Extensions:/Network/Library/Java/Extensions:/System/Library/Java/Extensions:/usr/lib/java:."/>
    <property name="java.vm.info" value="mixed mode"/>
    <property name="java.vendor" value="AdoptOpenJDK"/>
    <property name="vertx.disableTCCL" value="true"/>
    <property name="java.vm.version" value="11.0.8+10"/>
    <property name="sun.io.unicode.encoding" value="UnicodeBig"/>
    <property name="io.netty.machineId" value="7c:5f:f5:10:60:ad:2b:43"/>
    <property name="java.class.version" value="55.0"/>
  </properties>
  <testcase name="testHelloEndpoint" classname="org.acme.GreetingResourceTest" time="1.124">
    <system-out><![CDATA[2021-09-21 15:06:55,363 INFO  [org.kie.kog.cod.api.uti.AddonsConfigDiscovery] (build-7) Performed addonsConfig discovery, found: AddonsConfig{usePersistence=false, useTracing=false, useMonitoring=false, usePrometheusMonitoring=false, useCloudEvents=false, useExplainability=false, useProcessSVG=false, useEventDrivenDecisions=false}
2021-09-21 15:06:55,408 INFO  [org.kie.kog.cod.cor.uti.ApplicationGeneratorDiscovery] (build-7) Generator discovery performed, found [openapispecs, rules]
2021-09-21 15:06:55,408 INFO  [org.kie.kog.cod.cor.ApplicationGenerator] (build-7) Skipping generator 'openapispecs' because disabled
2021-09-21 15:06:57,794 INFO  [io.quarkus] (main) Quarkus 2.2.3.Final on JVM started in 3.114s. Listening on: http://localhost:8081
2021-09-21 15:06:57,794 INFO  [io.quarkus] (main) Profile test activated. 
2021-09-21 15:06:57,794 INFO  [io.quarkus] (main) Installed features: [cdi, kogito-rules, resteasy, resteasy-jackson, servlet, smallrye-context-propagation]
]]></system-out>
  </testcase>
</testsuite>